----------

Tue Dec 26 2023 02:56:17 GMT-0600 (hora estándar central)

""commit-deploy.bat"" no se reconoce como un comando interno o externo,
programa o archivo por lotes ejecutable.


----------

Tue Dec 26 2023 02:57:14 GMT-0600 (hora estándar central)

"commit-deploy.bat" no se reconoce como un comando interno o externo,
programa o archivo por lotes ejecutable.


----------

Tue Dec 26 2023 02:59:29 GMT-0600 (hora estándar central)

"commit-deploy.bat" no se reconoce como un comando interno o externo,
programa o archivo por lotes ejecutable.


----------

Tue Dec 26 2023 20:50:43 GMT-0600 (hora estándar central)

"commit-deploy.bat" no se reconoce como un comando interno o externo,
programa o archivo por lotes ejecutable.


----------

Tue Dec 26 2023 20:57:59 GMT-0600 (hora estándar central)

"commit-deploy.bat" no se reconoce como un comando interno o externo,
programa o archivo por lotes ejecutable.


----------

Tue Dec 26 2023 20:58:53 GMT-0600 (hora estándar central)

"commit-deploy.bat" no se reconoce como un comando interno o externo,
programa o archivo por lotes ejecutable.


----------

Tue Dec 26 2023 21:03:40 GMT-0600 (hora estándar central)

"commit-deploy.bat" no se reconoce como un comando interno o externo,
programa o archivo por lotes ejecutable.


----------

Tue Dec 26 2023 21:25:15 GMT-0600 (hora estándar central)

"commit-deploy.bat" no se reconoce como un comando interno o externo,
programa o archivo por lotes ejecutable.


----------

Tue Dec 26 2023 21:37:56 GMT-0600 (hora estándar central)

"commit-deploy.bat" no se reconoce como un comando interno o externo,
programa o archivo por lotes ejecutable.


